0 info it worked if it ends with ok
1 verbose cli [ 'node',
1 verbose cli   '/home/martin/Programovani/node.js/node6.10.1/bin/npm',
1 verbose cli   'start' ]
2 info using npm@3.10.10
3 info using node@v0.10.33
4 verbose run-script [ 'prestart', 'start', 'poststart' ]
5 info lifecycle inzertor@0.0.3~prestart: inzertor@0.0.3
6 silly lifecycle inzertor@0.0.3~prestart: no script for prestart, continuing
7 info lifecycle inzertor@0.0.3~start: inzertor@0.0.3
8 verbose lifecycle inzertor@0.0.3~start: unsafe-perm in lifecycle true
9 verbose lifecycle inzertor@0.0.3~start: PATH: /home/martin/Programovani/node.js/node6.10.1/lib/node_modules/npm/bin/node-gyp-bin:/home/martin/Programovani/node.js/inzertor/node_modules/.bin:/usr/local/bin:/usr/bin:/bin:/usr/local/games:/usr/games
10 verbose lifecycle inzertor@0.0.3~start: CWD: /home/martin/Programovani/node.js/inzertor
11 silly lifecycle inzertor@0.0.3~start: Args: [ '-c', 'npm install-all && node server.js' ]
12 silly lifecycle inzertor@0.0.3~start: Returned: code: 8  signal: null
13 info lifecycle inzertor@0.0.3~start: Failed to exec start script
14 verbose stack Error: inzertor@0.0.3 start: `npm install-all && node server.js`
14 verbose stack Exit status 8
14 verbose stack     at EventEmitter.<anonymous> (/home/martin/Programovani/node.js/node6.10.1/lib/node_modules/npm/lib/utils/lifecycle.js:255:16)
14 verbose stack     at EventEmitter.emit (events.js:98:17)
14 verbose stack     at ChildProcess.<anonymous> (/home/martin/Programovani/node.js/node6.10.1/lib/node_modules/npm/lib/utils/spawn.js:40:14)
14 verbose stack     at ChildProcess.emit (events.js:98:17)
14 verbose stack     at maybeClose (child_process.js:756:16)
14 verbose stack     at Process.ChildProcess._handle.onexit (child_process.js:823:5)
15 verbose pkgid inzertor@0.0.3
16 verbose cwd /home/martin/Programovani/node.js/inzertor
17 error Linux 3.16.0-4-amd64
18 error argv "node" "/home/martin/Programovani/node.js/node6.10.1/bin/npm" "start"
19 error node v0.10.33
20 error npm  v3.10.10
21 error code ELIFECYCLE
22 error inzertor@0.0.3 start: `npm install-all && node server.js`
22 error Exit status 8
23 error Failed at the inzertor@0.0.3 start script 'npm install-all && node server.js'.
23 error Make sure you have the latest version of node.js and npm installed.
23 error If you do, this is most likely a problem with the inzertor package,
23 error not with npm itself.
23 error Tell the author that this fails on your system:
23 error     npm install-all && node server.js
23 error You can get information on how to open an issue for this project with:
23 error     npm bugs inzertor
23 error Or if that isn't available, you can get their info via:
23 error     npm owner ls inzertor
23 error There is likely additional logging output above.
24 verbose exit [ 1, true ]
